[INFO ] 2024-03-01 17:45:15.101 [main] stepDefinition - Setup method executed..
[INFO ] 2024-03-01 17:45:15.119 [main] stepDefinition - Chrome Browser Launched..
[INFO ] 2024-03-01 17:45:16.662 [main] stepDefinition - URL opened..
[INFO ] 2024-03-01 17:45:16.826 [main] stepDefinition - Login Page-User entered Username and Password.
[INFO ] 2024-03-01 17:45:18.543 [main] stepDefinition - Login Page-Clicked on Login button.
[INFO ] 2024-03-01 17:45:26.756 [main] stepDefinition - User clicked on Customer Menu
[INFO ] 2024-03-01 17:45:31.354 [main] stepDefinition - User clicked on Customer Menu Item
[INFO ] 2024-03-01 17:45:34.331 [main] stepDefinition - Browser is closed
[INFO ] 2024-03-01 17:45:35.255 [main] stepDefinition - Setup method executed..
[INFO ] 2024-03-01 17:45:35.255 [main] stepDefinition - Chrome Browser Launched..
[INFO ] 2024-03-01 17:45:36.604 [main] stepDefinition - URL opened..
[INFO ] 2024-03-01 17:45:36.764 [main] stepDefinition - Login Page-User entered Username and Password.
[INFO ] 2024-03-01 17:45:38.439 [main] stepDefinition - Login Page-Clicked on Login button.
[WARN ] 2024-03-01 17:45:39.524 [main] stepDefinition - Title verification after login-Passed
[INFO ] 2024-03-01 17:45:42.737 [main] stepDefinition - User clicked on Logout link
[WARN ] 2024-03-01 17:45:42.763 [main] stepDefinition - Title verification after login-Passed
[INFO ] 2024-03-01 17:45:42.849 [main] stepDefinition - Browser is closed
[INFO ] 2024-03-02 13:02:08.007 [main] stepDefinition - Setup method executed..
[INFO ] 2024-03-02 13:02:08.027 [main] stepDefinition - Chrome Browser Launched..
[INFO ] 2024-03-02 13:02:09.421 [main] stepDefinition - URL opened..
[INFO ] 2024-03-02 13:02:09.638 [main] stepDefinition - Login Page-User entered Username and Password.
[INFO ] 2024-03-02 13:02:11.213 [main] stepDefinition - Login Page-Clicked on Login button.
[INFO ] 2024-03-02 13:02:15.608 [main] stepDefinition - User clicked on Customer Menu
[INFO ] 2024-03-02 13:02:20.255 [main] stepDefinition - User clicked on Customer Menu Item
[INFO ] 2024-03-02 13:02:23.879 [main] stepDefinition - Browser is closed
[INFO ] 2024-03-02 13:02:24.742 [main] stepDefinition - Setup method executed..
[INFO ] 2024-03-02 13:02:24.742 [main] stepDefinition - Chrome Browser Launched..
[INFO ] 2024-03-02 13:02:26.117 [main] stepDefinition - URL opened..
[INFO ] 2024-03-02 13:02:26.303 [main] stepDefinition - Login Page-User entered Username and Password.
[INFO ] 2024-03-02 13:02:27.828 [main] stepDefinition - Login Page-Clicked on Login button.
[WARN ] 2024-03-02 13:02:29.118 [main] stepDefinition - Title verification after login-Passed
[INFO ] 2024-03-02 13:02:32.451 [main] stepDefinition - User clicked on Logout link
[WARN ] 2024-03-02 13:02:32.464 [main] stepDefinition - Title verification after login-Passed
[INFO ] 2024-03-02 13:02:32.568 [main] stepDefinition - Browser is closed
[INFO ] 2024-03-02 13:05:48.039 [main] stepDefinition - Setup method executed..
[INFO ] 2024-03-02 13:05:48.057 [main] stepDefinition - Chrome Browser Launched..
[INFO ] 2024-03-02 13:05:49.349 [main] stepDefinition - URL opened..
[INFO ] 2024-03-02 13:05:49.538 [main] stepDefinition - Login Page-User entered Username and Password.
[INFO ] 2024-03-02 13:05:51.148 [main] stepDefinition - Login Page-Clicked on Login button.
[INFO ] 2024-03-02 13:05:55.713 [main] stepDefinition - User clicked on Customer Menu
[INFO ] 2024-03-02 13:06:00.418 [main] stepDefinition - User clicked on Customer Menu Item
[INFO ] 2024-03-02 13:06:03.595 [main] stepDefinition - Browser is closed
[INFO ] 2024-03-02 13:06:04.459 [main] stepDefinition - Setup method executed..
[INFO ] 2024-03-02 13:06:04.459 [main] stepDefinition - Chrome Browser Launched..
[INFO ] 2024-03-02 13:06:05.781 [main] stepDefinition - URL opened..
[INFO ] 2024-03-02 13:06:05.958 [main] stepDefinition - Login Page-User entered Username and Password.
[INFO ] 2024-03-02 13:06:07.600 [main] stepDefinition - Login Page-Clicked on Login button.
[WARN ] 2024-03-02 13:06:08.846 [main] stepDefinition - Title verification after login-Passed
[INFO ] 2024-03-02 13:06:12.196 [main] stepDefinition - User clicked on Logout link
[WARN ] 2024-03-02 13:06:12.212 [main] stepDefinition - Title verification after login-Passed
[INFO ] 2024-03-02 13:06:12.301 [main] stepDefinition - Browser is closed
